[debug] [2017-12-10T19:21:53.952Z] ----------------------------------------------------------------------
[debug] [2017-12-10T19:21:53.960Z] Command:       C:\Program Files\nodejs\node.exe C:\Users\awsin\AppData\Roaming\npm\node_modules\firebase-tools\bin\firebase serve
[debug] [2017-12-10T19:21:53.961Z] CLI Version:   3.15.4
[debug] [2017-12-10T19:21:53.961Z] Platform:      win32
[debug] [2017-12-10T19:21:53.961Z] Node Version:  v8.4.0
[debug] [2017-12-10T19:21:53.961Z] Time:          Sun Dec 10 2017 21:21:53 GMT+0200 (Финляндия (зима))
[debug] [2017-12-10T19:21:53.961Z] ----------------------------------------------------------------------
[debug] 
[debug] [2017-12-10T19:21:54.168Z] > command requires scopes: ["email","openid","https://www.googleapis.com/auth/cloudplatformprojects.readonly","https://www.googleapis.com/auth/firebase","https://www.googleapis.com/auth/cloud-platform"]
[debug] [2017-12-10T19:21:54.169Z] > authorizing via signed-in user
[debug] [2017-12-10T19:21:54.178Z] > refreshing access token with scopes: ["email","https://www.googleapis.com/auth/cloud-platform","https://www.googleapis.com/auth/cloudplatformprojects.readonly","https://www.googleapis.com/auth/firebase","openid"]
[debug] [2017-12-10T19:21:54.179Z] >>> HTTP REQUEST POST https://www.googleapis.com/oauth2/v3/token { refresh_token: '1/5G0vStJgGXaSkMFeq6LcfXsRRxbfLWD_t0KY5xQz6yfcYRbKEy4GovDRhxtyvFNZ',
  client_id: '563584335869-fgrhgmd47bqnekij5i8b5pr03ho849e6.apps.googleusercontent.com',
  client_secret: 'j9iVZfS8kkCEFUPaAeJV0sAi',
  grant_type: 'refresh_token',
  scope: 'email https://www.googleapis.com/auth/cloud-platform https://www.googleapis.com/auth/cloudplatformprojects.readonly https://www.googleapis.com/auth/firebase openid' } 
 Sun Dec 10 2017 21:21:54 GMT+0200 (Финляндия (зима))
[debug] [2017-12-10T19:21:54.552Z] <<< HTTP RESPONSE 200
[debug] [2017-12-10T19:21:54.707Z] >>> HTTP REQUEST GET https://admin.firebase.com/v1/projects/angular-material-c2f1b  
 Sun Dec 10 2017 21:21:54 GMT+0200 (Финляндия (зима))
[debug] [2017-12-10T19:21:55.598Z] <<< HTTP RESPONSE 200
[debug] [2017-12-10T19:21:55.601Z] >>> HTTP REQUEST GET https://admin.firebase.com/v1/database/angular-material-c2f1b/tokens  
 Sun Dec 10 2017 21:21:55 GMT+0200 (Финляндия (зима))
[debug] [2017-12-10T19:21:56.247Z] <<< HTTP RESPONSE 200
[info] 
[info] === Serving from 'D:\Projects\Angular\angular-progressive'...
[info] 
[debug] [2017-12-10T19:21:56.258Z] >>> HTTP REQUEST GET https://cloudresourcemanager.googleapis.com/v1/projects/angular-material-c2f1b  
 Sun Dec 10 2017 21:21:56 GMT+0200 (Финляндия (зима))
[debug] [2017-12-10T19:21:57.271Z] <<< HTTP RESPONSE 200
[debug] [2017-12-10T19:21:57.271Z] >>> HTTP REQUEST GET https://mobilesdk-pa.googleapis.com/v1/projects/360348099160/clients/_:getWebAppConfig  
 Sun Dec 10 2017 21:21:57 GMT+0200 (Финляндия (зима))
[debug] [2017-12-10T19:21:57.889Z] <<< HTTP RESPONSE 200
[info] i  hosting: Serving hosting files from: public
[info] +  hosting: Local server: http://localhost:5000

