Arguments: 
  C:\Program Files\nodejs\node.exe C:\Program Files (x86)\Yarn\bin\yarn.js

PATH: 
  C:\Program Files\Cmder\bin;C:\Program Files\Cmder\vendor\conemu-maximus5\ConEmu\Scripts;C:\Program Files\Cmder\vendor\conemu-maximus5;C:\Program Files\Cmder\vendor\conemu-maximus5\ConEmu;C:\Python27\;C:\Python27\Scripts;C:\Program Files\Docker\Docker\Resources\bin;C:\Program Files (x86)\Microsoft SDKs\Azure\CLI2\wbin;C:\ProgramData\Oracle\Java\javapath;C:\ProgramData\Anaconda3;C:\ProgramData\Anaconda3\Library\mingw-w64\bin;C:\ProgramData\Anaconda3\Library\usr\bin;C:\ProgramData\Anaconda3\Library\bin;C:\ProgramData\Anaconda3\Scripts;C:\Windows\system32;C:\Windows;C:\Windows\System32\Wbem;C:\Windows\System32\WindowsPowerShell\v1.0\;C:\Program Files\Amazon\AWSCLI\;C:\Users\awsin\AppData\Roaming\nvm;C:\Program Files (x86)\NVIDIA Corporation\PhysX\Common;C:\Users\awsin\AppData\Roaming\nvm;C:\Program Files\nodejs;C:\Program Files\Git\cmd;C:\ProgramData\chocolatey\bin;C:\Program Files\Apache\maven\bin;C:\Program Files\Java\jdk1.8.0_144\bin;C:\Program Files (x86)\Yarn\bin;C:\Users\awsin\.cargo\bin;C:\Users\awsin\Anaconda3;C:\Users\awsin\Anaconda3\Library\mingw-w64\bin;C:\Users\awsin\Anaconda3\Library\usr\bin;C:\Users\awsin\Anaconda3\Library\bin;C:\Users\awsin\Anaconda3\Scripts;C:\Users\awsin\AppData\Local\Microsoft\WindowsApps;C:\Program Files\Microsoft VS Code\bin;C:\Program Files\Microsoft VS Code Insiders\bin;C:\ProgramData\chocolatey\lib\msys2;C:\tools\msys64;C:\Users\awsin\AppData\Local\Yarn\bin;C:\Program Files\Git\usr\bin;C:\Program Files\Git\usr\share\vim\vim74;C:\Program Files\Cmder\

Yarn version: 
  1.3.2

Node version: 
  6.9.0

Platform: 
  win32 x64

npm manifest: 
  {
    "name": "angular-progressive",
    "version": "0.0.0",
    "license": "MIT",
    "scripts": {
      "ng": "ng",
      "start": "ng serve",
      "lint": "ng lint",
      "build": "ng build",
      "test": "ng test",
      "e2e": "ng e2e",
      "prod": "ng build --target production --build-optimizer --vendor-chunk --stats-json",
      "pwa": "ng build -prod --build-optimizer && sw-precache --root=dist --config=precache-config.js",
      "analyzer": "webpack-bundle-analyzer dist/stats.json"
    },
    "private": true,
    "dependencies": {
      "@angular/animations": "^5.2.2",
      "@angular/cdk": "^5.1.0",
      "@angular/common": "^5.2.2",
      "@angular/compiler": "^5.2.2",
      "@angular/core": "^5.2.2",
      "@angular/forms": "^5.2.2",
      "@angular/http": "^5.2.2",
      "@angular/material": "^5.1.0",
      "@angular/platform-browser": "^5.2.2",
      "@angular/platform-browser-dynamic": "^5.2.2",
      "@angular/platform-server": "^5.2.2",
      "@angular/router": "^5.2.2",
      "@angular/service-worker": "^5.2.2",
      "angularfire2": "^5.0.0-rc.4",
      "bulma": "^0.6.2",
      "firebase": "4.9.0",
      "faker": "^4.1.0",
      "@ngrx/core": "^1.2.0",
      "@ngrx/effects": "^5.0.1",
      "@ngrx/router-store": "^5.0.1",
      "@ngrx/store": "^5.0.0",
      "@ngx-formly/bootstrap": "^2.0.0-rc.16",
      "@ngx-formly/core": "^2.0.0-rc.16",
      "contentful": "^5.0.5",
      "core-js": "^2.5.3",
      "font-awesome": "^4.7.0",
      "hammerjs": "^2.0.8",
      "marked": "^0.3.12",
      "rxjs": "^5.5.6",
      "zone.js": "^0.8.20"
    },
    "devDependencies": {
      "@angular/cli": "1.6.6",
      "@angular/compiler-cli": "^5.2.2",
      "@angular/language-service": "^5.2.2",
      "@ngrx/store-devtools": "^5.0.1",
      "@types/jasmine": "~2.8.5",
      "@types/jasminewd2": "~2.0.3",
      "@types/node": "~9.3.0",
      "codelyzer": "^4.1.0",
      "jasmine-core": "~2.9.1",
      "jasmine-spec-reporter": "~4.2.1",
      "karma": "~2.0.0",
      "karma-chrome-launcher": "~2.2.0",
      "karma-cli": "~1.0.1",
      "karma-coverage-istanbul-reporter": "^1.4.1",
      "karma-jasmine": "~1.1.1",
      "karma-jasmine-html-reporter": "^0.2.2",
      "prettier": "^1.10.2",
      "protractor": "~5.3.0",
      "sw-precache": "^5.2.1",
      "sw-precache-webpack-plugin": "^0.11.4",
      "ts-node": "~4.1.0",
      "tslint": "~5.9.1",
      "typescript": "~2.6.2",
      "webpack-bundle-analyzer": "^2.9.2"
    }
  }

yarn manifest: 
  No manifest

Lockfile: 
  No lockfile

Trace: 
  Error: getaddrinfo ENOENT registry.yarnpkg.com:443
      at Object.exports._errnoException (util.js:1026:11)
      at errnoException (dns.js:33:15)
      at GetAddrInfoReqWrap.onlookup [as oncomplete] (dns.js:76:26)
